<?xml version="1.0" encoding="UTF-8"?>
<!-- Generated by org.testng.reporters.JUnitReportReporter -->
<testsuite hostname="shimul" name="com.qa.OrderPlace.eBay.HomePageLogin" tests="1" failures="0" timestamp="24 Nov 2020 01:22:27 GMT" time="56.451" errors="0">
  <testcase name="signIn" time="56.451" classname="com.qa.OrderPlace.eBay.HomePageLogin"/>
</testsuite> <!-- com.qa.OrderPlace.eBay.HomePageLogin -->
