<?xml version="1.0" encoding="UTF-8"?>
<!-- Generated by org.testng.reporters.JUnitReportReporter -->
<testsuite hostname="shimul" name="com.qa.OrderPlace.eBay.SignIn" tests="1" failures="0" timestamp="5 Aug 2020 02:03:33 GMT" time="16.280" errors="0">
  <testcase name="signIn" time="16.280" classname="com.qa.OrderPlace.eBay.SignIn"/>
</testsuite> <!-- com.qa.OrderPlace.eBay.SignIn -->
