<?xml version="1.0" encoding="UTF-8"?>
<!-- Generated by org.testng.reporters.JUnitReportReporter -->
<testsuite hostname="shimul" name="com.qa.OrderPlace.eBay.AddToCart" tests="1" failures="0" timestamp="24 Nov 2020 01:22:27 GMT" time="11.392" errors="0">
  <testcase name="addCart" time="11.392" classname="com.qa.OrderPlace.eBay.AddToCart"/>
</testsuite> <!-- com.qa.OrderPlace.eBay.AddToCart -->
