<?xml version="1.0" encoding="UTF-8"?>
<!-- Generated by org.testng.reporters.JUnitReportReporter -->
<testsuite hostname="shimul" name="com.qa.OrderPlace.eBay.SignIn" tests="1" failures="0" timestamp="10 Aug 2020 19:58:37 GMT" time="32.512" errors="0">
  <testcase name="signIn" time="32.512" classname="com.qa.OrderPlace.eBay.SignIn"/>
</testsuite> <!-- com.qa.OrderPlace.eBay.SignIn -->
